----------

Tue Jul 06 2021 15:39:09 GMT+0300 (Восточная Европа, летнее время)

warning: LF will be replaced by CRLF in assets/bootstrap/css/bootstrap.min.css.
The file will have its original line endings in your working directory


----------

Tue Jul 06 2021 15:39:09 GMT+0300 (Восточная Европа, летнее время)

warning: LF will be replaced by CRLF in assets/bootstrap/js/bootstrap.min.js.
The file will have its original line endings in your working directory


----------

Tue Jul 06 2021 15:39:09 GMT+0300 (Восточная Европа, летнее время)

warning: LF will be replaced by CRLF in assets/js/jquery.min.js.
The file will have its original line endings in your working directory


----------

Tue Jul 06 2021 15:39:09 GMT+0300 (Восточная Европа, летнее время)

warning: LF will be replaced by CRLF in index.html.
The file will have its original line endings in your working directory


----------

Tue Jul 06 2021 15:39:09 GMT+0300 (Восточная Европа, летнее время)

warning: LF will be replaced by CRLF in assets/img/BTC-Miner-1.svg.
The file will have its original line endings in your working directory


----------

Tue Jul 06 2021 15:39:09 GMT+0300 (Восточная Европа, летнее время)

warning: LF will be replaced by CRLF in assets/img/BTC-Miner-2.svg.
The file will have its original line endings in your working directory


----------

Tue Jul 06 2021 15:39:09 GMT+0300 (Восточная Европа, летнее время)

warning: LF will be replaced by CRLF in stop-mining.html.
The file will have its original line endings in your working directory


----------

Tue Jul 06 2021 15:39:12 GMT+0300 (Восточная Европа, летнее время)

To https://github.com/Kiterfiter/minerapp.git
   e7810ca..6135670  main -> main


----------

Tue Jul 06 2021 15:40:28 GMT+0300 (Восточная Европа, летнее время)

warning: LF will be replaced by CRLF in assets/bootstrap/css/bootstrap.min.css.
The file will have its original line endings in your working directory


----------

Tue Jul 06 2021 15:40:28 GMT+0300 (Восточная Европа, летнее время)

warning: LF will be replaced by CRLF in assets/bootstrap/js/bootstrap.min.js.
The file will have its original line endings in your working directory


----------

Tue Jul 06 2021 15:40:28 GMT+0300 (Восточная Европа, летнее время)

warning: LF will be replaced by CRLF in assets/img/BTC-Miner-1.svg.
The file will have its original line endings in your working directory


----------

Tue Jul 06 2021 15:40:28 GMT+0300 (Восточная Европа, летнее время)

warning: LF will be replaced by CRLF in assets/img/BTC-Miner-2.svg.
The file will have its original line endings in your working directory


----------

Tue Jul 06 2021 15:40:28 GMT+0300 (Восточная Европа, летнее время)

warning: LF will be replaced by CRLF in assets/js/jquery.min.js.
The file will have its original line endings in your working directory


----------

Tue Jul 06 2021 15:40:28 GMT+0300 (Восточная Европа, летнее время)

warning: LF will be replaced by CRLF in index.html.
The file will have its original line endings in your working directory


----------

Tue Jul 06 2021 15:40:28 GMT+0300 (Восточная Европа, летнее время)

warning: LF will be replaced by CRLF in stop-mining.html.
The file will have its original line endings in your working directory


----------

Tue Jul 06 2021 15:40:28 GMT+0300 (Восточная Европа, летнее время)

warning: LF will be replaced by CRLF in error.log.
The file will have its original line endings in your working directory


----------

Tue Jul 06 2021 15:40:31 GMT+0300 (Восточная Европа, летнее время)

To https://github.com/Kiterfiter/minerapp.git
   6135670..99378f0  main -> main


----------

Tue Jul 06 2021 15:41:48 GMT+0300 (Восточная Европа, летнее время)

warning: LF will be replaced by CRLF in assets/bootstrap/css/bootstrap.min.css.
The file will have its original line endings in your working directory


----------

Tue Jul 06 2021 15:41:48 GMT+0300 (Восточная Европа, летнее время)

warning: LF will be replaced by CRLF in assets/bootstrap/js/bootstrap.min.js.
The file will have its original line endings in your working directory


----------

Tue Jul 06 2021 15:41:48 GMT+0300 (Восточная Европа, летнее время)

warning: LF will be replaced by CRLF in assets/img/BTC-Miner-1.svg.
The file will have its original line endings in your working directory


----------

Tue Jul 06 2021 15:41:48 GMT+0300 (Восточная Европа, летнее время)

warning: LF will be replaced by CRLF in assets/img/BTC-Miner-2.svg.
The file will have its original line endings in your working directory


----------

Tue Jul 06 2021 15:41:48 GMT+0300 (Восточная Европа, летнее время)

warning: LF will be replaced by CRLF in assets/js/jquery.min.js.
The file will have its original line endings in your working directory


----------

Tue Jul 06 2021 15:41:48 GMT+0300 (Восточная Европа, летнее время)

warning: LF will be replaced by CRLF in error.log.
The file will have its original line endings in your working directory


----------

Tue Jul 06 2021 15:41:48 GMT+0300 (Восточная Европа, летнее время)

warning: LF will be replaced by CRLF in index.html.
The file will have its original line endings in your working directory


----------

Tue Jul 06 2021 15:41:48 GMT+0300 (Восточная Европа, летнее время)

warning: LF will be replaced by CRLF in stop-mining.html.
The file will have its original line endings in your working directory


----------

Tue Jul 06 2021 15:41:51 GMT+0300 (Восточная Европа, летнее время)

To https://github.com/Kiterfiter/minerapp.git
   99378f0..059adab  main -> main


----------

Tue Jul 06 2021 15:42:18 GMT+0300 (Восточная Европа, летнее время)

warning: LF will be replaced by CRLF in assets/bootstrap/css/bootstrap.min.css.
The file will have its original line endings in your working directory


----------

Tue Jul 06 2021 15:42:18 GMT+0300 (Восточная Европа, летнее время)

warning: LF will be replaced by CRLF in assets/bootstrap/js/bootstrap.min.js.
The file will have its original line endings in your working directory


----------

Tue Jul 06 2021 15:42:18 GMT+0300 (Восточная Европа, летнее время)

warning: LF will be replaced by CRLF in assets/img/BTC-Miner-1.svg.
The file will have its original line endings in your working directory


----------

Tue Jul 06 2021 15:42:18 GMT+0300 (Восточная Европа, летнее время)

warning: LF will be replaced by CRLF in assets/img/BTC-Miner-2.svg.
The file will have its original line endings in your working directory


----------

Tue Jul 06 2021 15:42:18 GMT+0300 (Восточная Европа, летнее время)

warning: LF will be replaced by CRLF in assets/js/jquery.min.js.
The file will have its original line endings in your working directory


----------

Tue Jul 06 2021 15:42:18 GMT+0300 (Восточная Европа, летнее время)

warning: LF will be replaced by CRLF in error.log.
The file will have its original line endings in your working directory


----------

Tue Jul 06 2021 15:42:18 GMT+0300 (Восточная Европа, летнее время)

warning: LF will be replaced by CRLF in index.html.
The file will have its original line endings in your working directory


----------

Tue Jul 06 2021 15:42:18 GMT+0300 (Восточная Европа, летнее время)

warning: LF will be replaced by CRLF in stop-mining.html.
The file will have its original line endings in your working directory


----------

Tue Jul 06 2021 15:42:21 GMT+0300 (Восточная Европа, летнее время)

To https://github.com/Kiterfiter/minerapp.git
   059adab..2059792  main -> main


----------

Tue Jul 06 2021 15:45:55 GMT+0300 (Восточная Европа, летнее время)

warning: LF will be replaced by CRLF in assets/bootstrap/css/bootstrap.min.css.
The file will have its original line endings in your working directory


----------

Tue Jul 06 2021 15:45:55 GMT+0300 (Восточная Европа, летнее время)

warning: LF will be replaced by CRLF in assets/bootstrap/js/bootstrap.min.js.
The file will have its original line endings in your working directory


----------

Tue Jul 06 2021 15:45:55 GMT+0300 (Восточная Европа, летнее время)

warning: LF will be replaced by CRLF in assets/img/BTC-Miner-1.svg.
The file will have its original line endings in your working directory


----------

Tue Jul 06 2021 15:45:55 GMT+0300 (Восточная Европа, летнее время)

warning: LF will be replaced by CRLF in assets/img/BTC-Miner-2.svg.
The file will have its original line endings in your working directory


----------

Tue Jul 06 2021 15:45:55 GMT+0300 (Восточная Европа, летнее время)

warning: LF will be replaced by CRLF in assets/js/jquery.min.js.
The file will have its original line endings in your working directory


----------

Tue Jul 06 2021 15:45:55 GMT+0300 (Восточная Европа, летнее время)

warning: LF will be replaced by CRLF in error.log.
The file will have its original line endings in your working directory


----------

Tue Jul 06 2021 15:45:55 GMT+0300 (Восточная Европа, летнее время)

warning: LF will be replaced by CRLF in index.html.
The file will have its original line endings in your working directory


----------

Tue Jul 06 2021 15:45:55 GMT+0300 (Восточная Европа, летнее время)

warning: LF will be replaced by CRLF in stop-mining.html.
The file will have its original line endings in your working directory


----------

Tue Jul 06 2021 15:45:58 GMT+0300 (Восточная Европа, летнее время)

To https://github.com/Kiterfiter/minerapp.git
   2059792..958cabd  main -> main


----------

Tue Jul 06 2021 16:30:30 GMT+0300 (Восточная Европа, летнее время)

warning: LF will be replaced by CRLF in assets/bootstrap/css/bootstrap.min.css.
The file will have its original line endings in your working directory
warning: LF will be replaced by CRLF in assets/bootstrap/js/bootstrap.min.js.
The file will have its original line endings in your working directory
warning: LF will be replaced by CRLF in assets/img/BTC-Miner-1.svg.
The file will have its original line endings in your working directory
warning: LF will be replaced by CRLF in assets/img/BTC-Miner-2.svg.
The file will have its original line endings in your working directory
warning: LF will be replaced by CRLF in assets/js/jquery.min.js.
The file will have its original line endings in your working directory
warning: LF will be replaced by CRLF in error.log.
The file will have its original line endings in your working directory
warning: LF will be replaced by CRLF in index.html.
The file will have its original line endings in your working directory
warning: LF will be replaced by CRLF in stop-mining.html.
The file will have its original line endings in your working directory
warning: LF will be replaced by CRLF in assets/img/BTC-Withdraw.svg.
The file will have its original line endings in your working directory
warning: LF will be replaced by CRLF in withdraw.html.
The file will have its original line endings in your working directory


----------

Tue Jul 06 2021 16:30:34 GMT+0300 (Восточная Европа, летнее время)

To https://github.com/Kiterfiter/minerapp.git
   958cabd..a317133  main -> main


----------

Tue Jul 06 2021 16:40:32 GMT+0300 (Восточная Европа, летнее время)

warning: LF will be replaced by CRLF in assets/bootstrap/css/bootstrap.min.css.
The file will have its original line endings in your working directory


----------

Tue Jul 06 2021 16:40:32 GMT+0300 (Восточная Европа, летнее время)

warning: LF will be replaced by CRLF in assets/bootstrap/js/bootstrap.min.js.
The file will have its original line endings in your working directory


----------

Tue Jul 06 2021 16:40:32 GMT+0300 (Восточная Европа, летнее время)

warning: LF will be replaced by CRLF in assets/img/BTC-Miner-1.svg.
The file will have its original line endings in your working directory


----------

Tue Jul 06 2021 16:40:32 GMT+0300 (Восточная Европа, летнее время)

warning: LF will be replaced by CRLF in assets/img/BTC-Miner-2.svg.
The file will have its original line endings in your working directory


----------

Tue Jul 06 2021 16:40:32 GMT+0300 (Восточная Европа, летнее время)

warning: LF will be replaced by CRLF in assets/img/BTC-Withdraw.svg.
The file will have its original line endings in your working directory


----------

Tue Jul 06 2021 16:40:32 GMT+0300 (Восточная Европа, летнее время)

warning: LF will be replaced by CRLF in assets/js/jquery.min.js.
The file will have its original line endings in your working directory


----------

Tue Jul 06 2021 16:40:32 GMT+0300 (Восточная Европа, летнее время)

warning: LF will be replaced by CRLF in error.log.
The file will have its original line endings in your working directory


----------

Tue Jul 06 2021 16:40:32 GMT+0300 (Восточная Европа, летнее время)

warning: LF will be replaced by CRLF in index.html.
The file will have its original line endings in your working directory


----------

Tue Jul 06 2021 16:40:32 GMT+0300 (Восточная Европа, летнее время)

warning: LF will be replaced by CRLF in stop-mining.html.
The file will have its original line endings in your working directory


----------

Tue Jul 06 2021 16:40:32 GMT+0300 (Восточная Европа, летнее время)

warning: LF will be replaced by CRLF in withdraw.html.
The file will have its original line endings in your working directory


----------

Tue Jul 06 2021 16:40:35 GMT+0300 (Восточная Европа, летнее время)

To https://github.com/Kiterfiter/minerapp.git
   a317133..b951513  main -> main


